ERROR - 2025-05-25 22:19:35 --> Error connecting to the database: mysqli_sql_exception: Access denied for user ''@'localhost' (using password: NO) in C:\Users\elias\estoquemng\vendor\codeigniter4\framework\system\Database\MySQLi\Connection.php:202
Stack trace:
#0 C:\Users\elias\estoquemng\vendor\codeigniter4\framework\system\Database\MySQLi\Connection.php(202): mysqli->real_connect('localhost', '', '', 'clientes', 3306, '', 0)
#1 C:\Users\elias\estoquemng\vendor\codeigniter4\framework\system\Database\BaseConnection.php(421): CodeIgniter\Database\MySQLi\Connection->connect(false)
#2 C:\Users\elias\estoquemng\vendor\codeigniter4\framework\system\Database\BaseConnection.php(620): CodeIgniter\Database\BaseConnection->initialize()
#3 C:\Users\elias\estoquemng\app\Controllers\Teste.php(13): CodeIgniter\Database\BaseConnection->query('SELECT * FROM c...')
#4 C:\Users\elias\estoquemng\vendor\codeigniter4\framework\system\CodeIgniter.php(933): App\Controllers\Teste->index()
#5 C:\Users\elias\estoquemng\vendor\codeigniter4\framework\system\CodeIgniter.php(507): CodeIgniter\CodeIgniter->runController(Object(App\Controllers\Teste))
#6 C:\Users\elias\estoquemng\vendor\codeigniter4\framework\system\CodeIgniter.php(354): CodeIgniter\CodeIgniter->handleRequest(NULL, Object(Config\Cache), false)
#7 C:\Users\elias\estoquemng\vendor\codeigniter4\framework\system\Boot.php(334): CodeIgniter\CodeIgniter->run()
#8 C:\Users\elias\estoquemng\vendor\codeigniter4\framework\system\Boot.php(67): CodeIgniter\Boot::runCodeIgniter(Object(CodeIgniter\CodeIgniter))
#9 C:\Users\elias\estoquemng\public\index.php(59): CodeIgniter\Boot::bootWeb(Object(Config\Paths))
#10 C:\Users\elias\estoquemng\vendor\codeigniter4\framework\system\rewrite.php(44): require_once('C:\\Users\\elias\\...')
#11 {main}

Next CodeIgniter\Database\Exceptions\DatabaseException: Access denied for user ''@'localhost' (using password: NO) in C:\Users\elias\estoquemng\vendor\codeigniter4\framework\system\Database\MySQLi\Connection.php:246
Stack trace:
#0 C:\Users\elias\estoquemng\vendor\codeigniter4\framework\system\Database\BaseConnection.php(421): CodeIgniter\Database\MySQLi\Connection->connect(false)
#1 C:\Users\elias\estoquemng\vendor\codeigniter4\framework\system\Database\BaseConnection.php(620): CodeIgniter\Database\BaseConnection->initialize()
#2 C:\Users\elias\estoquemng\app\Controllers\Teste.php(13): CodeIgniter\Database\BaseConnection->query('SELECT * FROM c...')
#3 C:\Users\elias\estoquemng\vendor\codeigniter4\framework\system\CodeIgniter.php(933): App\Controllers\Teste->index()
#4 C:\Users\elias\estoquemng\vendor\codeigniter4\framework\system\CodeIgniter.php(507): CodeIgniter\CodeIgniter->runController(Object(App\Controllers\Teste))
#5 C:\Users\elias\estoquemng\vendor\codeigniter4\framework\system\CodeIgniter.php(354): CodeIgniter\CodeIgniter->handleRequest(NULL, Object(Config\Cache), false)
#6 C:\Users\elias\estoquemng\vendor\codeigniter4\framework\system\Boot.php(334): CodeIgniter\CodeIgniter->run()
#7 C:\Users\elias\estoquemng\vendor\codeigniter4\framework\system\Boot.php(67): CodeIgniter\Boot::runCodeIgniter(Object(CodeIgniter\CodeIgniter))
#8 C:\Users\elias\estoquemng\public\index.php(59): CodeIgniter\Boot::bootWeb(Object(Config\Paths))
#9 C:\Users\elias\estoquemng\vendor\codeigniter4\framework\system\rewrite.php(44): require_once('C:\\Users\\elias\\...')
#10 {main}
CRITICAL - 2025-05-25 22:19:35 --> CodeIgniter\Database\Exceptions\DatabaseException: Unable to connect to the database.
Main connection [MySQLi]: Access denied for user ''@'localhost' (using password: NO)
[Method: GET, Route: teste]
in SYSTEMPATH\Database\BaseConnection.php on line 467.
 1 SYSTEMPATH\Database\BaseConnection.php(620): CodeIgniter\Database\BaseConnection->initialize()
 2 APPPATH\Controllers\Teste.php(13): CodeIgniter\Database\BaseConnection->query('SELECT * FROM clientes LIMIT 5')
 3 SYSTEMPATH\CodeIgniter.php(933): App\Controllers\Teste->index()
 4 SYSTEMPATH\CodeIgniter.php(507): CodeIgniter\CodeIgniter->runController(Object(App\Controllers\Teste))
 5 SYSTEMPATH\CodeIgniter.php(354): CodeIgniter\CodeIgniter->handleRequest(null, Object(Config\Cache), false)
 6 SYSTEMPATH\Boot.php(334): CodeIgniter\CodeIgniter->run()
 7 SYSTEMPATH\Boot.php(67): CodeIgniter\Boot::runCodeIgniter(Object(CodeIgniter\CodeIgniter))
 8 FCPATH\index.php(59): CodeIgniter\Boot::bootWeb(Object(Config\Paths))
 9 SYSTEMPATH\rewrite.php(44): require_once('C:\\Users\\elias\\estoquemng\\public\\index.php')
ERROR - 2025-05-25 22:19:37 --> Error connecting to the database: mysqli_sql_exception: Access denied for user ''@'localhost' (using password: NO) in C:\Users\elias\estoquemng\vendor\codeigniter4\framework\system\Database\MySQLi\Connection.php:202
Stack trace:
#0 C:\Users\elias\estoquemng\vendor\codeigniter4\framework\system\Database\MySQLi\Connection.php(202): mysqli->real_connect('localhost', '', '', 'clientes', 3306, '', 0)
#1 C:\Users\elias\estoquemng\vendor\codeigniter4\framework\system\Database\BaseConnection.php(421): CodeIgniter\Database\MySQLi\Connection->connect(false)
#2 C:\Users\elias\estoquemng\vendor\codeigniter4\framework\system\Database\BaseConnection.php(620): CodeIgniter\Database\BaseConnection->initialize()
#3 C:\Users\elias\estoquemng\app\Controllers\Teste.php(13): CodeIgniter\Database\BaseConnection->query('SELECT * FROM c...')
#4 C:\Users\elias\estoquemng\vendor\codeigniter4\framework\system\CodeIgniter.php(933): App\Controllers\Teste->index()
#5 C:\Users\elias\estoquemng\vendor\codeigniter4\framework\system\CodeIgniter.php(507): CodeIgniter\CodeIgniter->runController(Object(App\Controllers\Teste))
#6 C:\Users\elias\estoquemng\vendor\codeigniter4\framework\system\CodeIgniter.php(354): CodeIgniter\CodeIgniter->handleRequest(NULL, Object(Config\Cache), false)
#7 C:\Users\elias\estoquemng\vendor\codeigniter4\framework\system\Boot.php(334): CodeIgniter\CodeIgniter->run()
#8 C:\Users\elias\estoquemng\vendor\codeigniter4\framework\system\Boot.php(67): CodeIgniter\Boot::runCodeIgniter(Object(CodeIgniter\CodeIgniter))
#9 C:\Users\elias\estoquemng\public\index.php(59): CodeIgniter\Boot::bootWeb(Object(Config\Paths))
#10 C:\Users\elias\estoquemng\vendor\codeigniter4\framework\system\rewrite.php(44): require_once('C:\\Users\\elias\\...')
#11 {main}

Next CodeIgniter\Database\Exceptions\DatabaseException: Access denied for user ''@'localhost' (using password: NO) in C:\Users\elias\estoquemng\vendor\codeigniter4\framework\system\Database\MySQLi\Connection.php:246
Stack trace:
#0 C:\Users\elias\estoquemng\vendor\codeigniter4\framework\system\Database\BaseConnection.php(421): CodeIgniter\Database\MySQLi\Connection->connect(false)
#1 C:\Users\elias\estoquemng\vendor\codeigniter4\framework\system\Database\BaseConnection.php(620): CodeIgniter\Database\BaseConnection->initialize()
#2 C:\Users\elias\estoquemng\app\Controllers\Teste.php(13): CodeIgniter\Database\BaseConnection->query('SELECT * FROM c...')
#3 C:\Users\elias\estoquemng\vendor\codeigniter4\framework\system\CodeIgniter.php(933): App\Controllers\Teste->index()
#4 C:\Users\elias\estoquemng\vendor\codeigniter4\framework\system\CodeIgniter.php(507): CodeIgniter\CodeIgniter->runController(Object(App\Controllers\Teste))
#5 C:\Users\elias\estoquemng\vendor\codeigniter4\framework\system\CodeIgniter.php(354): CodeIgniter\CodeIgniter->handleRequest(NULL, Object(Config\Cache), false)
#6 C:\Users\elias\estoquemng\vendor\codeigniter4\framework\system\Boot.php(334): CodeIgniter\CodeIgniter->run()
#7 C:\Users\elias\estoquemng\vendor\codeigniter4\framework\system\Boot.php(67): CodeIgniter\Boot::runCodeIgniter(Object(CodeIgniter\CodeIgniter))
#8 C:\Users\elias\estoquemng\public\index.php(59): CodeIgniter\Boot::bootWeb(Object(Config\Paths))
#9 C:\Users\elias\estoquemng\vendor\codeigniter4\framework\system\rewrite.php(44): require_once('C:\\Users\\elias\\...')
#10 {main}
CRITICAL - 2025-05-25 22:19:37 --> CodeIgniter\Database\Exceptions\DatabaseException: Unable to connect to the database.
Main connection [MySQLi]: Access denied for user ''@'localhost' (using password: NO)
[Method: GET, Route: teste]
in SYSTEMPATH\Database\BaseConnection.php on line 467.
 1 SYSTEMPATH\Database\BaseConnection.php(620): CodeIgniter\Database\BaseConnection->initialize()
 2 APPPATH\Controllers\Teste.php(13): CodeIgniter\Database\BaseConnection->query('SELECT * FROM clientes LIMIT 5')
 3 SYSTEMPATH\CodeIgniter.php(933): App\Controllers\Teste->index()
 4 SYSTEMPATH\CodeIgniter.php(507): CodeIgniter\CodeIgniter->runController(Object(App\Controllers\Teste))
 5 SYSTEMPATH\CodeIgniter.php(354): CodeIgniter\CodeIgniter->handleRequest(null, Object(Config\Cache), false)
 6 SYSTEMPATH\Boot.php(334): CodeIgniter\CodeIgniter->run()
 7 SYSTEMPATH\Boot.php(67): CodeIgniter\Boot::runCodeIgniter(Object(CodeIgniter\CodeIgniter))
 8 FCPATH\index.php(59): CodeIgniter\Boot::bootWeb(Object(Config\Paths))
 9 SYSTEMPATH\rewrite.php(44): require_once('C:\\Users\\elias\\estoquemng\\public\\index.php')
ERROR - 2025-05-25 22:22:20 --> Error connecting to the database: mysqli_sql_exception: Access denied for user ''@'localhost' (using password: NO) in C:\Users\elias\estoquemng\vendor\codeigniter4\framework\system\Database\MySQLi\Connection.php:202
Stack trace:
#0 C:\Users\elias\estoquemng\vendor\codeigniter4\framework\system\Database\MySQLi\Connection.php(202): mysqli->real_connect('localhost', '', '', 'clientes', 3306, '', 0)
#1 C:\Users\elias\estoquemng\vendor\codeigniter4\framework\system\Database\BaseConnection.php(421): CodeIgniter\Database\MySQLi\Connection->connect(false)
#2 C:\Users\elias\estoquemng\vendor\codeigniter4\framework\system\Database\BaseConnection.php(620): CodeIgniter\Database\BaseConnection->initialize()
#3 C:\Users\elias\estoquemng\app\Controllers\Teste.php(13): CodeIgniter\Database\BaseConnection->query('SELECT * FROM c...')
#4 C:\Users\elias\estoquemng\vendor\codeigniter4\framework\system\CodeIgniter.php(933): App\Controllers\Teste->index()
#5 C:\Users\elias\estoquemng\vendor\codeigniter4\framework\system\CodeIgniter.php(507): CodeIgniter\CodeIgniter->runController(Object(App\Controllers\Teste))
#6 C:\Users\elias\estoquemng\vendor\codeigniter4\framework\system\CodeIgniter.php(354): CodeIgniter\CodeIgniter->handleRequest(NULL, Object(Config\Cache), false)
#7 C:\Users\elias\estoquemng\vendor\codeigniter4\framework\system\Boot.php(334): CodeIgniter\CodeIgniter->run()
#8 C:\Users\elias\estoquemng\vendor\codeigniter4\framework\system\Boot.php(67): CodeIgniter\Boot::runCodeIgniter(Object(CodeIgniter\CodeIgniter))
#9 C:\Users\elias\estoquemng\public\index.php(59): CodeIgniter\Boot::bootWeb(Object(Config\Paths))
#10 C:\Users\elias\estoquemng\vendor\codeigniter4\framework\system\rewrite.php(44): require_once('C:\\Users\\elias\\...')
#11 {main}

Next CodeIgniter\Database\Exceptions\DatabaseException: Access denied for user ''@'localhost' (using password: NO) in C:\Users\elias\estoquemng\vendor\codeigniter4\framework\system\Database\MySQLi\Connection.php:246
Stack trace:
#0 C:\Users\elias\estoquemng\vendor\codeigniter4\framework\system\Database\BaseConnection.php(421): CodeIgniter\Database\MySQLi\Connection->connect(false)
#1 C:\Users\elias\estoquemng\vendor\codeigniter4\framework\system\Database\BaseConnection.php(620): CodeIgniter\Database\BaseConnection->initialize()
#2 C:\Users\elias\estoquemng\app\Controllers\Teste.php(13): CodeIgniter\Database\BaseConnection->query('SELECT * FROM c...')
#3 C:\Users\elias\estoquemng\vendor\codeigniter4\framework\system\CodeIgniter.php(933): App\Controllers\Teste->index()
#4 C:\Users\elias\estoquemng\vendor\codeigniter4\framework\system\CodeIgniter.php(507): CodeIgniter\CodeIgniter->runController(Object(App\Controllers\Teste))
#5 C:\Users\elias\estoquemng\vendor\codeigniter4\framework\system\CodeIgniter.php(354): CodeIgniter\CodeIgniter->handleRequest(NULL, Object(Config\Cache), false)
#6 C:\Users\elias\estoquemng\vendor\codeigniter4\framework\system\Boot.php(334): CodeIgniter\CodeIgniter->run()
#7 C:\Users\elias\estoquemng\vendor\codeigniter4\framework\system\Boot.php(67): CodeIgniter\Boot::runCodeIgniter(Object(CodeIgniter\CodeIgniter))
#8 C:\Users\elias\estoquemng\public\index.php(59): CodeIgniter\Boot::bootWeb(Object(Config\Paths))
#9 C:\Users\elias\estoquemng\vendor\codeigniter4\framework\system\rewrite.php(44): require_once('C:\\Users\\elias\\...')
#10 {main}
CRITICAL - 2025-05-25 22:22:20 --> CodeIgniter\Database\Exceptions\DatabaseException: Unable to connect to the database.
Main connection [MySQLi]: Access denied for user ''@'localhost' (using password: NO)
[Method: GET, Route: teste]
in SYSTEMPATH\Database\BaseConnection.php on line 467.
 1 SYSTEMPATH\Database\BaseConnection.php(620): CodeIgniter\Database\BaseConnection->initialize()
 2 APPPATH\Controllers\Teste.php(13): CodeIgniter\Database\BaseConnection->query('SELECT * FROM clientes LIMIT 5')
 3 SYSTEMPATH\CodeIgniter.php(933): App\Controllers\Teste->index()
 4 SYSTEMPATH\CodeIgniter.php(507): CodeIgniter\CodeIgniter->runController(Object(App\Controllers\Teste))
 5 SYSTEMPATH\CodeIgniter.php(354): CodeIgniter\CodeIgniter->handleRequest(null, Object(Config\Cache), false)
 6 SYSTEMPATH\Boot.php(334): CodeIgniter\CodeIgniter->run()
 7 SYSTEMPATH\Boot.php(67): CodeIgniter\Boot::runCodeIgniter(Object(CodeIgniter\CodeIgniter))
 8 FCPATH\index.php(59): CodeIgniter\Boot::bootWeb(Object(Config\Paths))
 9 SYSTEMPATH\rewrite.php(44): require_once('C:\\Users\\elias\\estoquemng\\public\\index.php')
ERROR - 2025-05-25 22:23:41 --> Error connecting to the database: mysqli_sql_exception: Access denied for user ''@'localhost' (using password: NO) in C:\Users\elias\estoquemng\vendor\codeigniter4\framework\system\Database\MySQLi\Connection.php:202
Stack trace:
#0 C:\Users\elias\estoquemng\vendor\codeigniter4\framework\system\Database\MySQLi\Connection.php(202): mysqli->real_connect('localhost', '', '', 'clientes', 3306, '', 0)
#1 C:\Users\elias\estoquemng\vendor\codeigniter4\framework\system\Database\BaseConnection.php(421): CodeIgniter\Database\MySQLi\Connection->connect(false)
#2 C:\Users\elias\estoquemng\vendor\codeigniter4\framework\system\Database\BaseConnection.php(620): CodeIgniter\Database\BaseConnection->initialize()
#3 C:\Users\elias\estoquemng\app\Controllers\Teste.php(13): CodeIgniter\Database\BaseConnection->query('SELECT * FROM c...')
#4 C:\Users\elias\estoquemng\vendor\codeigniter4\framework\system\CodeIgniter.php(933): App\Controllers\Teste->index()
#5 C:\Users\elias\estoquemng\vendor\codeigniter4\framework\system\CodeIgniter.php(507): CodeIgniter\CodeIgniter->runController(Object(App\Controllers\Teste))
#6 C:\Users\elias\estoquemng\vendor\codeigniter4\framework\system\CodeIgniter.php(354): CodeIgniter\CodeIgniter->handleRequest(NULL, Object(Config\Cache), false)
#7 C:\Users\elias\estoquemng\vendor\codeigniter4\framework\system\Boot.php(334): CodeIgniter\CodeIgniter->run()
#8 C:\Users\elias\estoquemng\vendor\codeigniter4\framework\system\Boot.php(67): CodeIgniter\Boot::runCodeIgniter(Object(CodeIgniter\CodeIgniter))
#9 C:\Users\elias\estoquemng\public\index.php(59): CodeIgniter\Boot::bootWeb(Object(Config\Paths))
#10 C:\Users\elias\estoquemng\vendor\codeigniter4\framework\system\rewrite.php(44): require_once('C:\\Users\\elias\\...')
#11 {main}

Next CodeIgniter\Database\Exceptions\DatabaseException: Access denied for user ''@'localhost' (using password: NO) in C:\Users\elias\estoquemng\vendor\codeigniter4\framework\system\Database\MySQLi\Connection.php:246
Stack trace:
#0 C:\Users\elias\estoquemng\vendor\codeigniter4\framework\system\Database\BaseConnection.php(421): CodeIgniter\Database\MySQLi\Connection->connect(false)
#1 C:\Users\elias\estoquemng\vendor\codeigniter4\framework\system\Database\BaseConnection.php(620): CodeIgniter\Database\BaseConnection->initialize()
#2 C:\Users\elias\estoquemng\app\Controllers\Teste.php(13): CodeIgniter\Database\BaseConnection->query('SELECT * FROM c...')
#3 C:\Users\elias\estoquemng\vendor\codeigniter4\framework\system\CodeIgniter.php(933): App\Controllers\Teste->index()
#4 C:\Users\elias\estoquemng\vendor\codeigniter4\framework\system\CodeIgniter.php(507): CodeIgniter\CodeIgniter->runController(Object(App\Controllers\Teste))
#5 C:\Users\elias\estoquemng\vendor\codeigniter4\framework\system\CodeIgniter.php(354): CodeIgniter\CodeIgniter->handleRequest(NULL, Object(Config\Cache), false)
#6 C:\Users\elias\estoquemng\vendor\codeigniter4\framework\system\Boot.php(334): CodeIgniter\CodeIgniter->run()
#7 C:\Users\elias\estoquemng\vendor\codeigniter4\framework\system\Boot.php(67): CodeIgniter\Boot::runCodeIgniter(Object(CodeIgniter\CodeIgniter))
#8 C:\Users\elias\estoquemng\public\index.php(59): CodeIgniter\Boot::bootWeb(Object(Config\Paths))
#9 C:\Users\elias\estoquemng\vendor\codeigniter4\framework\system\rewrite.php(44): require_once('C:\\Users\\elias\\...')
#10 {main}
CRITICAL - 2025-05-25 22:23:41 --> CodeIgniter\Database\Exceptions\DatabaseException: Unable to connect to the database.
Main connection [MySQLi]: Access denied for user ''@'localhost' (using password: NO)
[Method: GET, Route: teste]
in SYSTEMPATH\Database\BaseConnection.php on line 467.
 1 SYSTEMPATH\Database\BaseConnection.php(620): CodeIgniter\Database\BaseConnection->initialize()
 2 APPPATH\Controllers\Teste.php(13): CodeIgniter\Database\BaseConnection->query('SELECT * FROM clientes LIMIT 5')
 3 SYSTEMPATH\CodeIgniter.php(933): App\Controllers\Teste->index()
 4 SYSTEMPATH\CodeIgniter.php(507): CodeIgniter\CodeIgniter->runController(Object(App\Controllers\Teste))
 5 SYSTEMPATH\CodeIgniter.php(354): CodeIgniter\CodeIgniter->handleRequest(null, Object(Config\Cache), false)
 6 SYSTEMPATH\Boot.php(334): CodeIgniter\CodeIgniter->run()
 7 SYSTEMPATH\Boot.php(67): CodeIgniter\Boot::runCodeIgniter(Object(CodeIgniter\CodeIgniter))
 8 FCPATH\index.php(59): CodeIgniter\Boot::bootWeb(Object(Config\Paths))
 9 SYSTEMPATH\rewrite.php(44): require_once('C:\\Users\\elias\\estoquemng\\public\\index.php')
ERROR - 2025-05-25 22:23:42 --> Error connecting to the database: mysqli_sql_exception: Access denied for user ''@'localhost' (using password: NO) in C:\Users\elias\estoquemng\vendor\codeigniter4\framework\system\Database\MySQLi\Connection.php:202
Stack trace:
#0 C:\Users\elias\estoquemng\vendor\codeigniter4\framework\system\Database\MySQLi\Connection.php(202): mysqli->real_connect('localhost', '', '', 'clientes', 3306, '', 0)
#1 C:\Users\elias\estoquemng\vendor\codeigniter4\framework\system\Database\BaseConnection.php(421): CodeIgniter\Database\MySQLi\Connection->connect(false)
#2 C:\Users\elias\estoquemng\vendor\codeigniter4\framework\system\Database\BaseConnection.php(620): CodeIgniter\Database\BaseConnection->initialize()
#3 C:\Users\elias\estoquemng\app\Controllers\Teste.php(13): CodeIgniter\Database\BaseConnection->query('SELECT * FROM c...')
#4 C:\Users\elias\estoquemng\vendor\codeigniter4\framework\system\CodeIgniter.php(933): App\Controllers\Teste->index()
#5 C:\Users\elias\estoquemng\vendor\codeigniter4\framework\system\CodeIgniter.php(507): CodeIgniter\CodeIgniter->runController(Object(App\Controllers\Teste))
#6 C:\Users\elias\estoquemng\vendor\codeigniter4\framework\system\CodeIgniter.php(354): CodeIgniter\CodeIgniter->handleRequest(NULL, Object(Config\Cache), false)
#7 C:\Users\elias\estoquemng\vendor\codeigniter4\framework\system\Boot.php(334): CodeIgniter\CodeIgniter->run()
#8 C:\Users\elias\estoquemng\vendor\codeigniter4\framework\system\Boot.php(67): CodeIgniter\Boot::runCodeIgniter(Object(CodeIgniter\CodeIgniter))
#9 C:\Users\elias\estoquemng\public\index.php(59): CodeIgniter\Boot::bootWeb(Object(Config\Paths))
#10 C:\Users\elias\estoquemng\vendor\codeigniter4\framework\system\rewrite.php(44): require_once('C:\\Users\\elias\\...')
#11 {main}

Next CodeIgniter\Database\Exceptions\DatabaseException: Access denied for user ''@'localhost' (using password: NO) in C:\Users\elias\estoquemng\vendor\codeigniter4\framework\system\Database\MySQLi\Connection.php:246
Stack trace:
#0 C:\Users\elias\estoquemng\vendor\codeigniter4\framework\system\Database\BaseConnection.php(421): CodeIgniter\Database\MySQLi\Connection->connect(false)
#1 C:\Users\elias\estoquemng\vendor\codeigniter4\framework\system\Database\BaseConnection.php(620): CodeIgniter\Database\BaseConnection->initialize()
#2 C:\Users\elias\estoquemng\app\Controllers\Teste.php(13): CodeIgniter\Database\BaseConnection->query('SELECT * FROM c...')
#3 C:\Users\elias\estoquemng\vendor\codeigniter4\framework\system\CodeIgniter.php(933): App\Controllers\Teste->index()
#4 C:\Users\elias\estoquemng\vendor\codeigniter4\framework\system\CodeIgniter.php(507): CodeIgniter\CodeIgniter->runController(Object(App\Controllers\Teste))
#5 C:\Users\elias\estoquemng\vendor\codeigniter4\framework\system\CodeIgniter.php(354): CodeIgniter\CodeIgniter->handleRequest(NULL, Object(Config\Cache), false)
#6 C:\Users\elias\estoquemng\vendor\codeigniter4\framework\system\Boot.php(334): CodeIgniter\CodeIgniter->run()
#7 C:\Users\elias\estoquemng\vendor\codeigniter4\framework\system\Boot.php(67): CodeIgniter\Boot::runCodeIgniter(Object(CodeIgniter\CodeIgniter))
#8 C:\Users\elias\estoquemng\public\index.php(59): CodeIgniter\Boot::bootWeb(Object(Config\Paths))
#9 C:\Users\elias\estoquemng\vendor\codeigniter4\framework\system\rewrite.php(44): require_once('C:\\Users\\elias\\...')
#10 {main}
CRITICAL - 2025-05-25 22:23:42 --> CodeIgniter\Database\Exceptions\DatabaseException: Unable to connect to the database.
Main connection [MySQLi]: Access denied for user ''@'localhost' (using password: NO)
[Method: GET, Route: teste]
in SYSTEMPATH\Database\BaseConnection.php on line 467.
 1 SYSTEMPATH\Database\BaseConnection.php(620): CodeIgniter\Database\BaseConnection->initialize()
 2 APPPATH\Controllers\Teste.php(13): CodeIgniter\Database\BaseConnection->query('SELECT * FROM clientes LIMIT 5')
 3 SYSTEMPATH\CodeIgniter.php(933): App\Controllers\Teste->index()
 4 SYSTEMPATH\CodeIgniter.php(507): CodeIgniter\CodeIgniter->runController(Object(App\Controllers\Teste))
 5 SYSTEMPATH\CodeIgniter.php(354): CodeIgniter\CodeIgniter->handleRequest(null, Object(Config\Cache), false)
 6 SYSTEMPATH\Boot.php(334): CodeIgniter\CodeIgniter->run()
 7 SYSTEMPATH\Boot.php(67): CodeIgniter\Boot::runCodeIgniter(Object(CodeIgniter\CodeIgniter))
 8 FCPATH\index.php(59): CodeIgniter\Boot::bootWeb(Object(Config\Paths))
 9 SYSTEMPATH\rewrite.php(44): require_once('C:\\Users\\elias\\estoquemng\\public\\index.php')
ERROR - 2025-05-25 22:23:44 --> Error connecting to the database: mysqli_sql_exception: Access denied for user ''@'localhost' (using password: NO) in C:\Users\elias\estoquemng\vendor\codeigniter4\framework\system\Database\MySQLi\Connection.php:202
Stack trace:
#0 C:\Users\elias\estoquemng\vendor\codeigniter4\framework\system\Database\MySQLi\Connection.php(202): mysqli->real_connect('localhost', '', '', 'clientes', 3306, '', 0)
#1 C:\Users\elias\estoquemng\vendor\codeigniter4\framework\system\Database\BaseConnection.php(421): CodeIgniter\Database\MySQLi\Connection->connect(false)
#2 C:\Users\elias\estoquemng\vendor\codeigniter4\framework\system\Database\BaseConnection.php(620): CodeIgniter\Database\BaseConnection->initialize()
#3 C:\Users\elias\estoquemng\app\Controllers\Teste.php(13): CodeIgniter\Database\BaseConnection->query('SELECT * FROM c...')
#4 C:\Users\elias\estoquemng\vendor\codeigniter4\framework\system\CodeIgniter.php(933): App\Controllers\Teste->index()
#5 C:\Users\elias\estoquemng\vendor\codeigniter4\framework\system\CodeIgniter.php(507): CodeIgniter\CodeIgniter->runController(Object(App\Controllers\Teste))
#6 C:\Users\elias\estoquemng\vendor\codeigniter4\framework\system\CodeIgniter.php(354): CodeIgniter\CodeIgniter->handleRequest(NULL, Object(Config\Cache), false)
#7 C:\Users\elias\estoquemng\vendor\codeigniter4\framework\system\Boot.php(334): CodeIgniter\CodeIgniter->run()
#8 C:\Users\elias\estoquemng\vendor\codeigniter4\framework\system\Boot.php(67): CodeIgniter\Boot::runCodeIgniter(Object(CodeIgniter\CodeIgniter))
#9 C:\Users\elias\estoquemng\public\index.php(59): CodeIgniter\Boot::bootWeb(Object(Config\Paths))
#10 C:\Users\elias\estoquemng\vendor\codeigniter4\framework\system\rewrite.php(44): require_once('C:\\Users\\elias\\...')
#11 {main}

Next CodeIgniter\Database\Exceptions\DatabaseException: Access denied for user ''@'localhost' (using password: NO) in C:\Users\elias\estoquemng\vendor\codeigniter4\framework\system\Database\MySQLi\Connection.php:246
Stack trace:
#0 C:\Users\elias\estoquemng\vendor\codeigniter4\framework\system\Database\BaseConnection.php(421): CodeIgniter\Database\MySQLi\Connection->connect(false)
#1 C:\Users\elias\estoquemng\vendor\codeigniter4\framework\system\Database\BaseConnection.php(620): CodeIgniter\Database\BaseConnection->initialize()
#2 C:\Users\elias\estoquemng\app\Controllers\Teste.php(13): CodeIgniter\Database\BaseConnection->query('SELECT * FROM c...')
#3 C:\Users\elias\estoquemng\vendor\codeigniter4\framework\system\CodeIgniter.php(933): App\Controllers\Teste->index()
#4 C:\Users\elias\estoquemng\vendor\codeigniter4\framework\system\CodeIgniter.php(507): CodeIgniter\CodeIgniter->runController(Object(App\Controllers\Teste))
#5 C:\Users\elias\estoquemng\vendor\codeigniter4\framework\system\CodeIgniter.php(354): CodeIgniter\CodeIgniter->handleRequest(NULL, Object(Config\Cache), false)
#6 C:\Users\elias\estoquemng\vendor\codeigniter4\framework\system\Boot.php(334): CodeIgniter\CodeIgniter->run()
#7 C:\Users\elias\estoquemng\vendor\codeigniter4\framework\system\Boot.php(67): CodeIgniter\Boot::runCodeIgniter(Object(CodeIgniter\CodeIgniter))
#8 C:\Users\elias\estoquemng\public\index.php(59): CodeIgniter\Boot::bootWeb(Object(Config\Paths))
#9 C:\Users\elias\estoquemng\vendor\codeigniter4\framework\system\rewrite.php(44): require_once('C:\\Users\\elias\\...')
#10 {main}
CRITICAL - 2025-05-25 22:23:44 --> CodeIgniter\Database\Exceptions\DatabaseException: Unable to connect to the database.
Main connection [MySQLi]: Access denied for user ''@'localhost' (using password: NO)
[Method: GET, Route: teste]
in SYSTEMPATH\Database\BaseConnection.php on line 467.
 1 SYSTEMPATH\Database\BaseConnection.php(620): CodeIgniter\Database\BaseConnection->initialize()
 2 APPPATH\Controllers\Teste.php(13): CodeIgniter\Database\BaseConnection->query('SELECT * FROM clientes LIMIT 5')
 3 SYSTEMPATH\CodeIgniter.php(933): App\Controllers\Teste->index()
 4 SYSTEMPATH\CodeIgniter.php(507): CodeIgniter\CodeIgniter->runController(Object(App\Controllers\Teste))
 5 SYSTEMPATH\CodeIgniter.php(354): CodeIgniter\CodeIgniter->handleRequest(null, Object(Config\Cache), false)
 6 SYSTEMPATH\Boot.php(334): CodeIgniter\CodeIgniter->run()
 7 SYSTEMPATH\Boot.php(67): CodeIgniter\Boot::runCodeIgniter(Object(CodeIgniter\CodeIgniter))
 8 FCPATH\index.php(59): CodeIgniter\Boot::bootWeb(Object(Config\Paths))
 9 SYSTEMPATH\rewrite.php(44): require_once('C:\\Users\\elias\\estoquemng\\public\\index.php')
ERROR - 2025-05-25 22:24:30 --> Error connecting to the database: mysqli_sql_exception: Unknown database 'clientes' in C:\Users\elias\estoquemng\vendor\codeigniter4\framework\system\Database\MySQLi\Connection.php:202
Stack trace:
#0 C:\Users\elias\estoquemng\vendor\codeigniter4\framework\system\Database\MySQLi\Connection.php(202): mysqli->real_connect('localhost', 'root', '', 'clientes', 3306, '', 0)
#1 C:\Users\elias\estoquemng\vendor\codeigniter4\framework\system\Database\BaseConnection.php(421): CodeIgniter\Database\MySQLi\Connection->connect(false)
#2 C:\Users\elias\estoquemng\vendor\codeigniter4\framework\system\Database\BaseConnection.php(620): CodeIgniter\Database\BaseConnection->initialize()
#3 C:\Users\elias\estoquemng\app\Controllers\Teste.php(13): CodeIgniter\Database\BaseConnection->query('SELECT * FROM c...')
#4 C:\Users\elias\estoquemng\vendor\codeigniter4\framework\system\CodeIgniter.php(933): App\Controllers\Teste->index()
#5 C:\Users\elias\estoquemng\vendor\codeigniter4\framework\system\CodeIgniter.php(507): CodeIgniter\CodeIgniter->runController(Object(App\Controllers\Teste))
#6 C:\Users\elias\estoquemng\vendor\codeigniter4\framework\system\CodeIgniter.php(354): CodeIgniter\CodeIgniter->handleRequest(NULL, Object(Config\Cache), false)
#7 C:\Users\elias\estoquemng\vendor\codeigniter4\framework\system\Boot.php(334): CodeIgniter\CodeIgniter->run()
#8 C:\Users\elias\estoquemng\vendor\codeigniter4\framework\system\Boot.php(67): CodeIgniter\Boot::runCodeIgniter(Object(CodeIgniter\CodeIgniter))
#9 C:\Users\elias\estoquemng\public\index.php(59): CodeIgniter\Boot::bootWeb(Object(Config\Paths))
#10 C:\Users\elias\estoquemng\vendor\codeigniter4\framework\system\rewrite.php(44): require_once('C:\\Users\\elias\\...')
#11 {main}

Next CodeIgniter\Database\Exceptions\DatabaseException: Unknown database 'clientes' in C:\Users\elias\estoquemng\vendor\codeigniter4\framework\system\Database\MySQLi\Connection.php:246
Stack trace:
#0 C:\Users\elias\estoquemng\vendor\codeigniter4\framework\system\Database\BaseConnection.php(421): CodeIgniter\Database\MySQLi\Connection->connect(false)
#1 C:\Users\elias\estoquemng\vendor\codeigniter4\framework\system\Database\BaseConnection.php(620): CodeIgniter\Database\BaseConnection->initialize()
#2 C:\Users\elias\estoquemng\app\Controllers\Teste.php(13): CodeIgniter\Database\BaseConnection->query('SELECT * FROM c...')
#3 C:\Users\elias\estoquemng\vendor\codeigniter4\framework\system\CodeIgniter.php(933): App\Controllers\Teste->index()
#4 C:\Users\elias\estoquemng\vendor\codeigniter4\framework\system\CodeIgniter.php(507): CodeIgniter\CodeIgniter->runController(Object(App\Controllers\Teste))
#5 C:\Users\elias\estoquemng\vendor\codeigniter4\framework\system\CodeIgniter.php(354): CodeIgniter\CodeIgniter->handleRequest(NULL, Object(Config\Cache), false)
#6 C:\Users\elias\estoquemng\vendor\codeigniter4\framework\system\Boot.php(334): CodeIgniter\CodeIgniter->run()
#7 C:\Users\elias\estoquemng\vendor\codeigniter4\framework\system\Boot.php(67): CodeIgniter\Boot::runCodeIgniter(Object(CodeIgniter\CodeIgniter))
#8 C:\Users\elias\estoquemng\public\index.php(59): CodeIgniter\Boot::bootWeb(Object(Config\Paths))
#9 C:\Users\elias\estoquemng\vendor\codeigniter4\framework\system\rewrite.php(44): require_once('C:\\Users\\elias\\...')
#10 {main}
CRITICAL - 2025-05-25 22:24:30 --> CodeIgniter\Database\Exceptions\DatabaseException: Unable to connect to the database.
Main connection [MySQLi]: Unknown database 'clientes'
[Method: GET, Route: teste]
in SYSTEMPATH\Database\BaseConnection.php on line 467.
 1 SYSTEMPATH\Database\BaseConnection.php(620): CodeIgniter\Database\BaseConnection->initialize()
 2 APPPATH\Controllers\Teste.php(13): CodeIgniter\Database\BaseConnection->query('SELECT * FROM clientes LIMIT 5')
 3 SYSTEMPATH\CodeIgniter.php(933): App\Controllers\Teste->index()
 4 SYSTEMPATH\CodeIgniter.php(507): CodeIgniter\CodeIgniter->runController(Object(App\Controllers\Teste))
 5 SYSTEMPATH\CodeIgniter.php(354): CodeIgniter\CodeIgniter->handleRequest(null, Object(Config\Cache), false)
 6 SYSTEMPATH\Boot.php(334): CodeIgniter\CodeIgniter->run()
 7 SYSTEMPATH\Boot.php(67): CodeIgniter\Boot::runCodeIgniter(Object(CodeIgniter\CodeIgniter))
 8 FCPATH\index.php(59): CodeIgniter\Boot::bootWeb(Object(Config\Paths))
 9 SYSTEMPATH\rewrite.php(44): require_once('C:\\Users\\elias\\estoquemng\\public\\index.php')
CRITICAL - 2025-05-25 22:51:23 --> CodeIgniter\View\Exceptions\ViewException: Invalid file: "clientes/index.php"
[Method: GET, Route: clientes]
in SYSTEMPATH\Exceptions\FrameworkException.php on line 39.
 1 SYSTEMPATH\View\View.php(212): CodeIgniter\Exceptions\FrameworkException::forInvalidFile('clientes/index.php')
 2 SYSTEMPATH\Common.php(1173): CodeIgniter\View\View->render('clientes/index', [], true)
 3 APPPATH\Controllers\Clientes.php(14): view('clientes/index', [...])
 4 SYSTEMPATH\CodeIgniter.php(933): App\Controllers\Clientes->index()
 5 SYSTEMPATH\CodeIgniter.php(507): CodeIgniter\CodeIgniter->runController(Object(App\Controllers\Clientes))
 6 SYSTEMPATH\CodeIgniter.php(354): CodeIgniter\CodeIgniter->handleRequest(null, Object(Config\Cache), false)
 7 SYSTEMPATH\Boot.php(334): CodeIgniter\CodeIgniter->run()
 8 SYSTEMPATH\Boot.php(67): CodeIgniter\Boot::runCodeIgniter(Object(CodeIgniter\CodeIgniter))
 9 FCPATH\index.php(59): CodeIgniter\Boot::bootWeb(Object(Config\Paths))
10 SYSTEMPATH\rewrite.php(44): require_once('C:\\Users\\elias\\estoquemng\\public\\index.php')
CRITICAL - 2025-05-25 22:51:31 --> CodeIgniter\View\Exceptions\ViewException: Invalid file: "clientes/index.php"
[Method: GET, Route: clientes]
in SYSTEMPATH\Exceptions\FrameworkException.php on line 39.
 1 SYSTEMPATH\View\View.php(212): CodeIgniter\Exceptions\FrameworkException::forInvalidFile('clientes/index.php')
 2 SYSTEMPATH\Common.php(1173): CodeIgniter\View\View->render('clientes/index', [], true)
 3 APPPATH\Controllers\Clientes.php(14): view('clientes/index', [...])
 4 SYSTEMPATH\CodeIgniter.php(933): App\Controllers\Clientes->index()
 5 SYSTEMPATH\CodeIgniter.php(507): CodeIgniter\CodeIgniter->runController(Object(App\Controllers\Clientes))
 6 SYSTEMPATH\CodeIgniter.php(354): CodeIgniter\CodeIgniter->handleRequest(null, Object(Config\Cache), false)
 7 SYSTEMPATH\Boot.php(334): CodeIgniter\CodeIgniter->run()
 8 SYSTEMPATH\Boot.php(67): CodeIgniter\Boot::runCodeIgniter(Object(CodeIgniter\CodeIgniter))
 9 FCPATH\index.php(59): CodeIgniter\Boot::bootWeb(Object(Config\Paths))
10 SYSTEMPATH\rewrite.php(44): require_once('C:\\Users\\elias\\estoquemng\\public\\index.php')
CRITICAL - 2025-05-25 22:51:33 --> CodeIgniter\View\Exceptions\ViewException: Invalid file: "clientes/index.php"
[Method: GET, Route: clientes]
in SYSTEMPATH\Exceptions\FrameworkException.php on line 39.
 1 SYSTEMPATH\View\View.php(212): CodeIgniter\Exceptions\FrameworkException::forInvalidFile('clientes/index.php')
 2 SYSTEMPATH\Common.php(1173): CodeIgniter\View\View->render('clientes/index', [], true)
 3 APPPATH\Controllers\Clientes.php(14): view('clientes/index', [...])
 4 SYSTEMPATH\CodeIgniter.php(933): App\Controllers\Clientes->index()
 5 SYSTEMPATH\CodeIgniter.php(507): CodeIgniter\CodeIgniter->runController(Object(App\Controllers\Clientes))
 6 SYSTEMPATH\CodeIgniter.php(354): CodeIgniter\CodeIgniter->handleRequest(null, Object(Config\Cache), false)
 7 SYSTEMPATH\Boot.php(334): CodeIgniter\CodeIgniter->run()
 8 SYSTEMPATH\Boot.php(67): CodeIgniter\Boot::runCodeIgniter(Object(CodeIgniter\CodeIgniter))
 9 FCPATH\index.php(59): CodeIgniter\Boot::bootWeb(Object(Config\Paths))
10 SYSTEMPATH\rewrite.php(44): require_once('C:\\Users\\elias\\estoquemng\\public\\index.php')
CRITICAL - 2025-05-25 22:51:50 --> CodeIgniter\View\Exceptions\ViewException: Invalid file: "clientes/index.php"
[Method: GET, Route: clientes]
in SYSTEMPATH\Exceptions\FrameworkException.php on line 39.
 1 SYSTEMPATH\View\View.php(212): CodeIgniter\Exceptions\FrameworkException::forInvalidFile('clientes/index.php')
 2 SYSTEMPATH\Common.php(1173): CodeIgniter\View\View->render('clientes/index', [], true)
 3 APPPATH\Controllers\Clientes.php(14): view('clientes/index', [...])
 4 SYSTEMPATH\CodeIgniter.php(933): App\Controllers\Clientes->index()
 5 SYSTEMPATH\CodeIgniter.php(507): CodeIgniter\CodeIgniter->runController(Object(App\Controllers\Clientes))
 6 SYSTEMPATH\CodeIgniter.php(354): CodeIgniter\CodeIgniter->handleRequest(null, Object(Config\Cache), false)
 7 SYSTEMPATH\Boot.php(334): CodeIgniter\CodeIgniter->run()
 8 SYSTEMPATH\Boot.php(67): CodeIgniter\Boot::runCodeIgniter(Object(CodeIgniter\CodeIgniter))
 9 FCPATH\index.php(59): CodeIgniter\Boot::bootWeb(Object(Config\Paths))
10 SYSTEMPATH\rewrite.php(44): require_once('C:\\Users\\elias\\estoquemng\\public\\index.php')
CRITICAL - 2025-05-25 22:51:59 --> CodeIgniter\View\Exceptions\ViewException: Invalid file: "clientes/index.php"
[Method: GET, Route: clientes]
in SYSTEMPATH\Exceptions\FrameworkException.php on line 39.
 1 SYSTEMPATH\View\View.php(212): CodeIgniter\Exceptions\FrameworkException::forInvalidFile('clientes/index.php')
 2 SYSTEMPATH\Common.php(1173): CodeIgniter\View\View->render('clientes/index', [], true)
 3 APPPATH\Controllers\Clientes.php(14): view('clientes/index', [...])
 4 SYSTEMPATH\CodeIgniter.php(933): App\Controllers\Clientes->index()
 5 SYSTEMPATH\CodeIgniter.php(507): CodeIgniter\CodeIgniter->runController(Object(App\Controllers\Clientes))
 6 SYSTEMPATH\CodeIgniter.php(354): CodeIgniter\CodeIgniter->handleRequest(null, Object(Config\Cache), false)
 7 SYSTEMPATH\Boot.php(334): CodeIgniter\CodeIgniter->run()
 8 SYSTEMPATH\Boot.php(67): CodeIgniter\Boot::runCodeIgniter(Object(CodeIgniter\CodeIgniter))
 9 FCPATH\index.php(59): CodeIgniter\Boot::bootWeb(Object(Config\Paths))
10 SYSTEMPATH\rewrite.php(44): require_once('C:\\Users\\elias\\estoquemng\\public\\index.php')
CRITICAL - 2025-05-25 22:59:43 --> ErrorException: Undefined variable $clientes
[Method: GET, Route: clientes]
in APPPATH\Views\clientes.php on line 12.
 1 APPPATH\Views\clientes.php(12): CodeIgniter\Debug\Exceptions->errorHandler(2, 'Undefined variable $clientes', 'C:\\Users\\elias\\estoquemng\\app\\Views\\clientes.php', 12)
 2 SYSTEMPATH\View\View.php(224): include('C:\\Users\\elias\\estoquemng\\app\\Views\\clientes.php')
 3 SYSTEMPATH\View\View.php(227): CodeIgniter\View\View->CodeIgniter\View\{closure}()
 4 SYSTEMPATH\Common.php(1173): CodeIgniter\View\View->render('clientes', [], true)
 5 APPPATH\Controllers\Clientes.php(5): view('clientes')
 6 SYSTEMPATH\CodeIgniter.php(933): App\Controllers\Clientes->index()
 7 SYSTEMPATH\CodeIgniter.php(507): CodeIgniter\CodeIgniter->runController(Object(App\Controllers\Clientes))
 8 SYSTEMPATH\CodeIgniter.php(354): CodeIgniter\CodeIgniter->handleRequest(null, Object(Config\Cache), false)
 9 SYSTEMPATH\Boot.php(334): CodeIgniter\CodeIgniter->run()
10 SYSTEMPATH\Boot.php(67): CodeIgniter\Boot::runCodeIgniter(Object(CodeIgniter\CodeIgniter))
11 FCPATH\index.php(59): CodeIgniter\Boot::bootWeb(Object(Config\Paths))
12 SYSTEMPATH\rewrite.php(44): require_once('C:\\Users\\elias\\estoquemng\\public\\index.php')
ERROR - 2025-05-25 23:17:48 --> mysqli_sql_exception: Unknown column 'email' in 'field list' in C:\Users\elias\estoquemng\vendor\codeigniter4\framework\system\Database\MySQLi\Connection.php:327
Stack trace:
#0 C:\Users\elias\estoquemng\vendor\codeigniter4\framework\system\Database\MySQLi\Connection.php(327): mysqli->query('INSERT INTO `cl...', 0)
#1 C:\Users\elias\estoquemng\vendor\codeigniter4\framework\system\Database\BaseConnection.php(738): CodeIgniter\Database\MySQLi\Connection->execute('INSERT INTO `cl...')
#2 C:\Users\elias\estoquemng\vendor\codeigniter4\framework\system\Database\BaseConnection.php(652): CodeIgniter\Database\BaseConnection->simpleQuery('INSERT INTO `cl...')
#3 C:\Users\elias\estoquemng\vendor\codeigniter4\framework\system\Database\BaseBuilder.php(2345): CodeIgniter\Database\BaseConnection->query('INSERT INTO `cl...', Array, false)
#4 C:\Users\elias\estoquemng\vendor\codeigniter4\framework\system\Model.php(394): CodeIgniter\Database\BaseBuilder->insert()
#5 C:\Users\elias\estoquemng\vendor\codeigniter4\framework\system\BaseModel.php(843): CodeIgniter\Model->doInsert(Array)
#6 C:\Users\elias\estoquemng\vendor\codeigniter4\framework\system\Model.php(800): CodeIgniter\BaseModel->insert(Array, true)
#7 C:\Users\elias\estoquemng\app\Controllers\Clientes.php(23): CodeIgniter\Model->insert(Array)
#8 C:\Users\elias\estoquemng\vendor\codeigniter4\framework\system\CodeIgniter.php(933): App\Controllers\Clientes->add()
#9 C:\Users\elias\estoquemng\vendor\codeigniter4\framework\system\CodeIgniter.php(507): CodeIgniter\CodeIgniter->runController(Object(App\Controllers\Clientes))
#10 C:\Users\elias\estoquemng\vendor\codeigniter4\framework\system\CodeIgniter.php(354): CodeIgniter\CodeIgniter->handleRequest(NULL, Object(Config\Cache), false)
#11 C:\Users\elias\estoquemng\vendor\codeigniter4\framework\system\Boot.php(334): CodeIgniter\CodeIgniter->run()
#12 C:\Users\elias\estoquemng\vendor\codeigniter4\framework\system\Boot.php(67): CodeIgniter\Boot::runCodeIgniter(Object(CodeIgniter\CodeIgniter))
#13 C:\Users\elias\estoquemng\public\index.php(59): CodeIgniter\Boot::bootWeb(Object(Config\Paths))
#14 C:\Users\elias\estoquemng\vendor\codeigniter4\framework\system\rewrite.php(44): require_once('C:\\Users\\elias\\...')
#15 {main}
CRITICAL - 2025-05-25 23:17:48 --> CodeIgniter\Database\Exceptions\DatabaseException: Unknown column 'email' in 'field list'
[Method: POST, Route: addclientes]
in SYSTEMPATH\Database\BaseConnection.php on line 692.
 1 SYSTEMPATH\Database\BaseBuilder.php(2345): CodeIgniter\Database\BaseConnection->query('INSERT INTO `clientes` (`nome`, `email`, `telefone`) VALUES (:nome:, :email:, :telefone:)', [...], false)
 2 SYSTEMPATH\Model.php(394): CodeIgniter\Database\BaseBuilder->insert()
 3 SYSTEMPATH\BaseModel.php(843): CodeIgniter\Model->doInsert([...])
 4 SYSTEMPATH\Model.php(800): CodeIgniter\BaseModel->insert([...], true)
 5 APPPATH\Controllers\Clientes.php(23): CodeIgniter\Model->insert([...])
 6 SYSTEMPATH\CodeIgniter.php(933): App\Controllers\Clientes->add()
 7 SYSTEMPATH\CodeIgniter.php(507): CodeIgniter\CodeIgniter->runController(Object(App\Controllers\Clientes))
 8 SYSTEMPATH\CodeIgniter.php(354): CodeIgniter\CodeIgniter->handleRequest(null, Object(Config\Cache), false)
 9 SYSTEMPATH\Boot.php(334): CodeIgniter\CodeIgniter->run()
10 SYSTEMPATH\Boot.php(67): CodeIgniter\Boot::runCodeIgniter(Object(CodeIgniter\CodeIgniter))
11 FCPATH\index.php(59): CodeIgniter\Boot::bootWeb(Object(Config\Paths))
12 SYSTEMPATH\rewrite.php(44): require_once('C:\\Users\\elias\\estoquemng\\public\\index.php')
CRITICAL - 2025-05-25 23:17:48 --> [Caused by] CodeIgniter\Database\Exceptions\DatabaseException: Unknown column 'email' in 'field list'
in SYSTEMPATH\Database\MySQLi\Connection.php on line 332.
 1 SYSTEMPATH\Database\BaseConnection.php(738): CodeIgniter\Database\MySQLi\Connection->execute('INSERT INTO `clientes` (`nome`, `email`, `telefone`) VALUES (NULL, NULL, NULL)')
 2 SYSTEMPATH\Database\BaseConnection.php(652): CodeIgniter\Database\BaseConnection->simpleQuery('INSERT INTO `clientes` (`nome`, `email`, `telefone`) VALUES (NULL, NULL, NULL)')
 3 SYSTEMPATH\Database\BaseBuilder.php(2345): CodeIgniter\Database\BaseConnection->query('INSERT INTO `clientes` (`nome`, `email`, `telefone`) VALUES (:nome:, :email:, :telefone:)', [...], false)
 4 SYSTEMPATH\Model.php(394): CodeIgniter\Database\BaseBuilder->insert()
 5 SYSTEMPATH\BaseModel.php(843): CodeIgniter\Model->doInsert([...])
 6 SYSTEMPATH\Model.php(800): CodeIgniter\BaseModel->insert([...], true)
 7 APPPATH\Controllers\Clientes.php(23): CodeIgniter\Model->insert([...])
 8 SYSTEMPATH\CodeIgniter.php(933): App\Controllers\Clientes->add()
 9 SYSTEMPATH\CodeIgniter.php(507): CodeIgniter\CodeIgniter->runController(Object(App\Controllers\Clientes))
10 SYSTEMPATH\CodeIgniter.php(354): CodeIgniter\CodeIgniter->handleRequest(null, Object(Config\Cache), false)
11 SYSTEMPATH\Boot.php(334): CodeIgniter\CodeIgniter->run()
12 SYSTEMPATH\Boot.php(67): CodeIgniter\Boot::runCodeIgniter(Object(CodeIgniter\CodeIgniter))
13 FCPATH\index.php(59): CodeIgniter\Boot::bootWeb(Object(Config\Paths))
14 SYSTEMPATH\rewrite.php(44): require_once('C:\\Users\\elias\\estoquemng\\public\\index.php')
CRITICAL - 2025-05-25 23:17:48 --> [Caused by] mysqli_sql_exception: Unknown column 'email' in 'field list'
in SYSTEMPATH\Database\MySQLi\Connection.php on line 327.
 1 SYSTEMPATH\Database\MySQLi\Connection.php(327): mysqli->query('INSERT INTO `clientes` (`nome`, `email`, `telefone`) VALUES (NULL, NULL, NULL)', 0)
 2 SYSTEMPATH\Database\BaseConnection.php(738): CodeIgniter\Database\MySQLi\Connection->execute('INSERT INTO `clientes` (`nome`, `email`, `telefone`) VALUES (NULL, NULL, NULL)')
 3 SYSTEMPATH\Database\BaseConnection.php(652): CodeIgniter\Database\BaseConnection->simpleQuery('INSERT INTO `clientes` (`nome`, `email`, `telefone`) VALUES (NULL, NULL, NULL)')
 4 SYSTEMPATH\Database\BaseBuilder.php(2345): CodeIgniter\Database\BaseConnection->query('INSERT INTO `clientes` (`nome`, `email`, `telefone`) VALUES (:nome:, :email:, :telefone:)', [...], false)
 5 SYSTEMPATH\Model.php(394): CodeIgniter\Database\BaseBuilder->insert()
 6 SYSTEMPATH\BaseModel.php(843): CodeIgniter\Model->doInsert([...])
 7 SYSTEMPATH\Model.php(800): CodeIgniter\BaseModel->insert([...], true)
 8 APPPATH\Controllers\Clientes.php(23): CodeIgniter\Model->insert([...])
 9 SYSTEMPATH\CodeIgniter.php(933): App\Controllers\Clientes->add()
10 SYSTEMPATH\CodeIgniter.php(507): CodeIgniter\CodeIgniter->runController(Object(App\Controllers\Clientes))
11 SYSTEMPATH\CodeIgniter.php(354): CodeIgniter\CodeIgniter->handleRequest(null, Object(Config\Cache), false)
12 SYSTEMPATH\Boot.php(334): CodeIgniter\CodeIgniter->run()
13 SYSTEMPATH\Boot.php(67): CodeIgniter\Boot::runCodeIgniter(Object(CodeIgniter\CodeIgniter))
14 FCPATH\index.php(59): CodeIgniter\Boot::bootWeb(Object(Config\Paths))
15 SYSTEMPATH\rewrite.php(44): require_once('C:\\Users\\elias\\estoquemng\\public\\index.php')
ERROR - 2025-05-25 23:20:20 --> mysqli_sql_exception: Column 'nome' cannot be null in C:\Users\elias\estoquemng\vendor\codeigniter4\framework\system\Database\MySQLi\Connection.php:327
Stack trace:
#0 C:\Users\elias\estoquemng\vendor\codeigniter4\framework\system\Database\MySQLi\Connection.php(327): mysqli->query('INSERT INTO `cl...', 0)
#1 C:\Users\elias\estoquemng\vendor\codeigniter4\framework\system\Database\BaseConnection.php(738): CodeIgniter\Database\MySQLi\Connection->execute('INSERT INTO `cl...')
#2 C:\Users\elias\estoquemng\vendor\codeigniter4\framework\system\Database\BaseConnection.php(652): CodeIgniter\Database\BaseConnection->simpleQuery('INSERT INTO `cl...')
#3 C:\Users\elias\estoquemng\vendor\codeigniter4\framework\system\Database\BaseBuilder.php(2345): CodeIgniter\Database\BaseConnection->query('INSERT INTO `cl...', Array, false)
#4 C:\Users\elias\estoquemng\vendor\codeigniter4\framework\system\Model.php(394): CodeIgniter\Database\BaseBuilder->insert()
#5 C:\Users\elias\estoquemng\vendor\codeigniter4\framework\system\BaseModel.php(843): CodeIgniter\Model->doInsert(Array)
#6 C:\Users\elias\estoquemng\vendor\codeigniter4\framework\system\Model.php(800): CodeIgniter\BaseModel->insert(Array, true)
#7 C:\Users\elias\estoquemng\app\Controllers\Clientes.php(23): CodeIgniter\Model->insert(Array)
#8 C:\Users\elias\estoquemng\vendor\codeigniter4\framework\system\CodeIgniter.php(933): App\Controllers\Clientes->add()
#9 C:\Users\elias\estoquemng\vendor\codeigniter4\framework\system\CodeIgniter.php(507): CodeIgniter\CodeIgniter->runController(Object(App\Controllers\Clientes))
#10 C:\Users\elias\estoquemng\vendor\codeigniter4\framework\system\CodeIgniter.php(354): CodeIgniter\CodeIgniter->handleRequest(NULL, Object(Config\Cache), false)
#11 C:\Users\elias\estoquemng\vendor\codeigniter4\framework\system\Boot.php(334): CodeIgniter\CodeIgniter->run()
#12 C:\Users\elias\estoquemng\vendor\codeigniter4\framework\system\Boot.php(67): CodeIgniter\Boot::runCodeIgniter(Object(CodeIgniter\CodeIgniter))
#13 C:\Users\elias\estoquemng\public\index.php(59): CodeIgniter\Boot::bootWeb(Object(Config\Paths))
#14 C:\Users\elias\estoquemng\vendor\codeigniter4\framework\system\rewrite.php(44): require_once('C:\\Users\\elias\\...')
#15 {main}
CRITICAL - 2025-05-25 23:20:20 --> CodeIgniter\Database\Exceptions\DatabaseException: Column 'nome' cannot be null
[Method: POST, Route: addclientes]
in SYSTEMPATH\Database\BaseConnection.php on line 692.
 1 SYSTEMPATH\Database\BaseBuilder.php(2345): CodeIgniter\Database\BaseConnection->query('INSERT INTO `clientes` (`nome`, `email`, `telefone`) VALUES (:nome:, :email:, :telefone:)', [...], false)
 2 SYSTEMPATH\Model.php(394): CodeIgniter\Database\BaseBuilder->insert()
 3 SYSTEMPATH\BaseModel.php(843): CodeIgniter\Model->doInsert([...])
 4 SYSTEMPATH\Model.php(800): CodeIgniter\BaseModel->insert([...], true)
 5 APPPATH\Controllers\Clientes.php(23): CodeIgniter\Model->insert([...])
 6 SYSTEMPATH\CodeIgniter.php(933): App\Controllers\Clientes->add()
 7 SYSTEMPATH\CodeIgniter.php(507): CodeIgniter\CodeIgniter->runController(Object(App\Controllers\Clientes))
 8 SYSTEMPATH\CodeIgniter.php(354): CodeIgniter\CodeIgniter->handleRequest(null, Object(Config\Cache), false)
 9 SYSTEMPATH\Boot.php(334): CodeIgniter\CodeIgniter->run()
10 SYSTEMPATH\Boot.php(67): CodeIgniter\Boot::runCodeIgniter(Object(CodeIgniter\CodeIgniter))
11 FCPATH\index.php(59): CodeIgniter\Boot::bootWeb(Object(Config\Paths))
12 SYSTEMPATH\rewrite.php(44): require_once('C:\\Users\\elias\\estoquemng\\public\\index.php')
CRITICAL - 2025-05-25 23:20:20 --> [Caused by] CodeIgniter\Database\Exceptions\DatabaseException: Column 'nome' cannot be null
in SYSTEMPATH\Database\MySQLi\Connection.php on line 332.
 1 SYSTEMPATH\Database\BaseConnection.php(738): CodeIgniter\Database\MySQLi\Connection->execute('INSERT INTO `clientes` (`nome`, `email`, `telefone`) VALUES (NULL, NULL, NULL)')
 2 SYSTEMPATH\Database\BaseConnection.php(652): CodeIgniter\Database\BaseConnection->simpleQuery('INSERT INTO `clientes` (`nome`, `email`, `telefone`) VALUES (NULL, NULL, NULL)')
 3 SYSTEMPATH\Database\BaseBuilder.php(2345): CodeIgniter\Database\BaseConnection->query('INSERT INTO `clientes` (`nome`, `email`, `telefone`) VALUES (:nome:, :email:, :telefone:)', [...], false)
 4 SYSTEMPATH\Model.php(394): CodeIgniter\Database\BaseBuilder->insert()
 5 SYSTEMPATH\BaseModel.php(843): CodeIgniter\Model->doInsert([...])
 6 SYSTEMPATH\Model.php(800): CodeIgniter\BaseModel->insert([...], true)
 7 APPPATH\Controllers\Clientes.php(23): CodeIgniter\Model->insert([...])
 8 SYSTEMPATH\CodeIgniter.php(933): App\Controllers\Clientes->add()
 9 SYSTEMPATH\CodeIgniter.php(507): CodeIgniter\CodeIgniter->runController(Object(App\Controllers\Clientes))
10 SYSTEMPATH\CodeIgniter.php(354): CodeIgniter\CodeIgniter->handleRequest(null, Object(Config\Cache), false)
11 SYSTEMPATH\Boot.php(334): CodeIgniter\CodeIgniter->run()
12 SYSTEMPATH\Boot.php(67): CodeIgniter\Boot::runCodeIgniter(Object(CodeIgniter\CodeIgniter))
13 FCPATH\index.php(59): CodeIgniter\Boot::bootWeb(Object(Config\Paths))
14 SYSTEMPATH\rewrite.php(44): require_once('C:\\Users\\elias\\estoquemng\\public\\index.php')
CRITICAL - 2025-05-25 23:20:20 --> [Caused by] mysqli_sql_exception: Column 'nome' cannot be null
in SYSTEMPATH\Database\MySQLi\Connection.php on line 327.
 1 SYSTEMPATH\Database\MySQLi\Connection.php(327): mysqli->query('INSERT INTO `clientes` (`nome`, `email`, `telefone`) VALUES (NULL, NULL, NULL)', 0)
 2 SYSTEMPATH\Database\BaseConnection.php(738): CodeIgniter\Database\MySQLi\Connection->execute('INSERT INTO `clientes` (`nome`, `email`, `telefone`) VALUES (NULL, NULL, NULL)')
 3 SYSTEMPATH\Database\BaseConnection.php(652): CodeIgniter\Database\BaseConnection->simpleQuery('INSERT INTO `clientes` (`nome`, `email`, `telefone`) VALUES (NULL, NULL, NULL)')
 4 SYSTEMPATH\Database\BaseBuilder.php(2345): CodeIgniter\Database\BaseConnection->query('INSERT INTO `clientes` (`nome`, `email`, `telefone`) VALUES (:nome:, :email:, :telefone:)', [...], false)
 5 SYSTEMPATH\Model.php(394): CodeIgniter\Database\BaseBuilder->insert()
 6 SYSTEMPATH\BaseModel.php(843): CodeIgniter\Model->doInsert([...])
 7 SYSTEMPATH\Model.php(800): CodeIgniter\BaseModel->insert([...], true)
 8 APPPATH\Controllers\Clientes.php(23): CodeIgniter\Model->insert([...])
 9 SYSTEMPATH\CodeIgniter.php(933): App\Controllers\Clientes->add()
10 SYSTEMPATH\CodeIgniter.php(507): CodeIgniter\CodeIgniter->runController(Object(App\Controllers\Clientes))
11 SYSTEMPATH\CodeIgniter.php(354): CodeIgniter\CodeIgniter->handleRequest(null, Object(Config\Cache), false)
12 SYSTEMPATH\Boot.php(334): CodeIgniter\CodeIgniter->run()
13 SYSTEMPATH\Boot.php(67): CodeIgniter\Boot::runCodeIgniter(Object(CodeIgniter\CodeIgniter))
14 FCPATH\index.php(59): CodeIgniter\Boot::bootWeb(Object(Config\Paths))
15 SYSTEMPATH\rewrite.php(44): require_once('C:\\Users\\elias\\estoquemng\\public\\index.php')
DEBUG - 2025-05-25 23:32:57 --> Session: Class initialized using 'CodeIgniter\Session\Handlers\FileHandler' driver.
DEBUG - 2025-05-25 23:33:04 --> Session: Class initialized using 'CodeIgniter\Session\Handlers\FileHandler' driver.
DEBUG - 2025-05-25 23:33:13 --> Session: Class initialized using 'CodeIgniter\Session\Handlers\FileHandler' driver.
WARNING - 2025-05-25 23:35:16 --> [DEPRECATED] trim(): Passing null to parameter #1 ($string) of type string is deprecated in APPPATH\Controllers\Clientes.php on line 19.
 1 APPPATH\Controllers\Clientes.php(19): trim(null)
 2 SYSTEMPATH\CodeIgniter.php(933): App\Controllers\Clientes->add()
 3 SYSTEMPATH\CodeIgniter.php(507): CodeIgniter\CodeIgniter->runController(Object(App\Controllers\Clientes))
 4 SYSTEMPATH\CodeIgniter.php(354): CodeIgniter\CodeIgniter->handleRequest(null, Object(Config\Cache), false)
 5 SYSTEMPATH\Boot.php(334): CodeIgniter\CodeIgniter->run()
 6 SYSTEMPATH\Boot.php(67): CodeIgniter\Boot::runCodeIgniter(Object(CodeIgniter\CodeIgniter))
 7 FCPATH\index.php(59): CodeIgniter\Boot::bootWeb(Object(Config\Paths))
 8 SYSTEMPATH\rewrite.php(44): require_once('C:\\Users\\elias\\estoquemng\\public\\index.php')
WARNING - 2025-05-25 23:35:16 --> [DEPRECATED] trim(): Passing null to parameter #1 ($string) of type string is deprecated in APPPATH\Controllers\Clientes.php on line 20.
 1 APPPATH\Controllers\Clientes.php(20): trim(null)
 2 SYSTEMPATH\CodeIgniter.php(933): App\Controllers\Clientes->add()
 3 SYSTEMPATH\CodeIgniter.php(507): CodeIgniter\CodeIgniter->runController(Object(App\Controllers\Clientes))
 4 SYSTEMPATH\CodeIgniter.php(354): CodeIgniter\CodeIgniter->handleRequest(null, Object(Config\Cache), false)
 5 SYSTEMPATH\Boot.php(334): CodeIgniter\CodeIgniter->run()
 6 SYSTEMPATH\Boot.php(67): CodeIgniter\Boot::runCodeIgniter(Object(CodeIgniter\CodeIgniter))
 7 FCPATH\index.php(59): CodeIgniter\Boot::bootWeb(Object(Config\Paths))
 8 SYSTEMPATH\rewrite.php(44): require_once('C:\\Users\\elias\\estoquemng\\public\\index.php')
WARNING - 2025-05-25 23:35:16 --> [DEPRECATED] trim(): Passing null to parameter #1 ($string) of type string is deprecated in APPPATH\Controllers\Clientes.php on line 21.
 1 APPPATH\Controllers\Clientes.php(21): trim(null)
 2 SYSTEMPATH\CodeIgniter.php(933): App\Controllers\Clientes->add()
 3 SYSTEMPATH\CodeIgniter.php(507): CodeIgniter\CodeIgniter->runController(Object(App\Controllers\Clientes))
 4 SYSTEMPATH\CodeIgniter.php(354): CodeIgniter\CodeIgniter->handleRequest(null, Object(Config\Cache), false)
 5 SYSTEMPATH\Boot.php(334): CodeIgniter\CodeIgniter->run()
 6 SYSTEMPATH\Boot.php(67): CodeIgniter\Boot::runCodeIgniter(Object(CodeIgniter\CodeIgniter))
 7 FCPATH\index.php(59): CodeIgniter\Boot::bootWeb(Object(Config\Paths))
 8 SYSTEMPATH\rewrite.php(44): require_once('C:\\Users\\elias\\estoquemng\\public\\index.php')
WARNING - 2025-05-25 23:39:05 --> [DEPRECATED] trim(): Passing null to parameter #1 ($string) of type string is deprecated in APPPATH\Controllers\Clientes.php on line 19.
 1 APPPATH\Controllers\Clientes.php(19): trim(null)
 2 SYSTEMPATH\CodeIgniter.php(933): App\Controllers\Clientes->add()
 3 SYSTEMPATH\CodeIgniter.php(507): CodeIgniter\CodeIgniter->runController(Object(App\Controllers\Clientes))
 4 SYSTEMPATH\CodeIgniter.php(354): CodeIgniter\CodeIgniter->handleRequest(null, Object(Config\Cache), false)
 5 SYSTEMPATH\Boot.php(334): CodeIgniter\CodeIgniter->run()
 6 SYSTEMPATH\Boot.php(67): CodeIgniter\Boot::runCodeIgniter(Object(CodeIgniter\CodeIgniter))
 7 FCPATH\index.php(59): CodeIgniter\Boot::bootWeb(Object(Config\Paths))
 8 SYSTEMPATH\rewrite.php(44): require_once('C:\\Users\\elias\\estoquemng\\public\\index.php')
WARNING - 2025-05-25 23:39:05 --> [DEPRECATED] trim(): Passing null to parameter #1 ($string) of type string is deprecated in APPPATH\Controllers\Clientes.php on line 20.
 1 APPPATH\Controllers\Clientes.php(20): trim(null)
 2 SYSTEMPATH\CodeIgniter.php(933): App\Controllers\Clientes->add()
 3 SYSTEMPATH\CodeIgniter.php(507): CodeIgniter\CodeIgniter->runController(Object(App\Controllers\Clientes))
 4 SYSTEMPATH\CodeIgniter.php(354): CodeIgniter\CodeIgniter->handleRequest(null, Object(Config\Cache), false)
 5 SYSTEMPATH\Boot.php(334): CodeIgniter\CodeIgniter->run()
 6 SYSTEMPATH\Boot.php(67): CodeIgniter\Boot::runCodeIgniter(Object(CodeIgniter\CodeIgniter))
 7 FCPATH\index.php(59): CodeIgniter\Boot::bootWeb(Object(Config\Paths))
 8 SYSTEMPATH\rewrite.php(44): require_once('C:\\Users\\elias\\estoquemng\\public\\index.php')
WARNING - 2025-05-25 23:39:05 --> [DEPRECATED] trim(): Passing null to parameter #1 ($string) of type string is deprecated in APPPATH\Controllers\Clientes.php on line 21.
 1 APPPATH\Controllers\Clientes.php(21): trim(null)
 2 SYSTEMPATH\CodeIgniter.php(933): App\Controllers\Clientes->add()
 3 SYSTEMPATH\CodeIgniter.php(507): CodeIgniter\CodeIgniter->runController(Object(App\Controllers\Clientes))
 4 SYSTEMPATH\CodeIgniter.php(354): CodeIgniter\CodeIgniter->handleRequest(null, Object(Config\Cache), false)
 5 SYSTEMPATH\Boot.php(334): CodeIgniter\CodeIgniter->run()
 6 SYSTEMPATH\Boot.php(67): CodeIgniter\Boot::runCodeIgniter(Object(CodeIgniter\CodeIgniter))
 7 FCPATH\index.php(59): CodeIgniter\Boot::bootWeb(Object(Config\Paths))
 8 SYSTEMPATH\rewrite.php(44): require_once('C:\\Users\\elias\\estoquemng\\public\\index.php')
